d:\sources\paradise\fortnite-bootstrap\intermediates\vc143.pdb
d:\sources\paradise\fortnite-bootstrap\intermediates\config.obj
d:\sources\paradise\fortnite-bootstrap\intermediates\loader.obj
d:\sources\paradise\fortnite-bootstrap\intermediates\ud.obj
d:\sources\paradise\fortnite-bootstrap\intermediates\pe.obj
d:\sources\paradise\fortnite-bootstrap\intermediates\interface.obj
d:\sources\paradise\fortnite-bootstrap\intermediates\entrypoint.obj
d:\sources\paradise\fortnite-bootstrap\intermediates\imgui_widgets.obj
d:\sources\paradise\fortnite-bootstrap\intermediates\imgui_tables.obj
d:\sources\paradise\fortnite-bootstrap\intermediates\imgui_draw.obj
d:\sources\paradise\fortnite-bootstrap\intermediates\imgui.obj
d:\sources\paradise\fortnite-bootstrap\intermediates\imgui_impl_win32.obj
d:\sources\paradise\fortnite-bootstrap\intermediates\imgui_impl_dx11.obj
d:\sources\paradise\fortnite-bootstrap\intermediates\render.obj
d:\sources\paradise\fortnite-bootstrap\intermediates\visuals.obj
d:\sources\paradise\fortnite-bootstrap\intermediates\combat.obj
d:\sources\paradise\fortnite-bootstrap\intermediates\cache.obj
d:\sources\paradise\fortnite-bootstrap\intermediates\core.obj
d:\sources\paradise\fortnite-bootstrap\intermediates\hde64.obj
d:\sources\paradise\fortnite-bootstrap\paradise private.exe
d:\sources\paradise\fortnite-bootstrap\intermediates\directio.obj
d:\sources\paradise\fortnite-bootstrap\intermediates\paradise private.ipdb
d:\sources\paradise\fortnite-bootstrap\intermediates\paradise private.iobj
d:\sources\paradise\fortnite-bootstrap\intermediates\paradise private.tlog\cl.command.1.tlog
d:\sources\paradise\fortnite-bootstrap\intermediates\paradise private.tlog\cl.items.tlog
d:\sources\paradise\fortnite-bootstrap\intermediates\paradise private.tlog\cl.read.1.tlog
d:\sources\paradise\fortnite-bootstrap\intermediates\paradise private.tlog\cl.write.1.tlog
d:\sources\paradise\fortnite-bootstrap\intermediates\paradise private.tlog\link.command.1.tlog
d:\sources\paradise\fortnite-bootstrap\intermediates\paradise private.tlog\link.read.1.tlog
d:\sources\paradise\fortnite-bootstrap\intermediates\paradise private.tlog\link.secondary.1.tlog
d:\sources\paradise\fortnite-bootstrap\intermediates\paradise private.tlog\link.write.1.tlog
d:\sources\paradise\fortnite-bootstrap\intermediates\paradise private.tlog\masm.read.1u.tlog
d:\sources\paradise\fortnite-bootstrap\intermediates\paradise private.tlog\masm.write.1u.tlog
